# JRE version: OpenJDK Runtime Environment Temurin-17.0.9+9 (17.0.9+9) (build 17.0.9+9)
# Java VM: OpenJDK 64-Bit Server VM Temurin-17.0.9+9 (17.0.9+9, mixed mode, emulated-client, tiered, compressed oops, compressed class ptrs, g1 gc, windows-amd64)
GC Precious Log:
 CPUs: 8 total, 8 available
 Memory: 16003M
 Large Page Support: Disabled
 NUMA Support: Disabled
 Compressed Oops: Enabled (32-bit)
 Heap Region Size: 1M
 Heap Min Capacity: 8M
 Heap Initial Capacity: 252M
 Heap Max Capacity: 1G
 Pre-touch: Disabled
 Parallel Workers: 8
 Concurrent Workers: 2
 Concurrent Refinement Workers: 8
 Periodic GC: Disabled
Heap:
 garbage-first heap   total 91136K, used 36252K [0x00000000c0000000, 0x0000000100000000)
  region size 1024K, 1 young (1024K), 0 survivors (0K)
 Metaspace       used 59293K, committed 59840K, reserved 1114112K
  class space    used 7381K, committed 7616K, reserved 1048576K
GC Heap History (20 events):
Event: 2563.431 GC heap before
{Heap before GC invocations=208 (full 143):
 garbage-first heap   total 91136K, used 36368K [0x00000000c0000000, 0x0000000100000000)
  region size 1024K, 1 young (1024K), 0 survivors (0K)
 Metaspace       used 59319K, committed 59840K, reserved 1114112K
  class space    used 7385K, committed 7616K, reserved 1048576K
}
Event: 2563.597 GC heap after
{Heap after GC invocations=209 (full 144):
 garbage-first heap   total 91136K, used 36252K [0x00000000c0000000, 0x0000000100000000)
  region size 1024K, 0 young (0K), 0 survivors (0K)
 Metaspace       used 59293K, committed 59840K, reserved 1114112K
  class space    used 7381K, committed 7616K, reserved 1048576K
}
Event: 2574.138 GC heap before
{Heap before GC invocations=209 (full 144):
 garbage-first heap   total 91136K, used 36252K [0x00000000c0000000, 0x0000000100000000)
  region size 1024K, 1 young (1024K), 0 survivors (0K)
 Metaspace       used 59293K, committed 59840K, reserved 1114112K
  class space    used 7381K, committed 7616K, reserved 1048576K
}
Event: 2574.306 GC heap after
{Heap after GC invocations=210 (full 145):
 garbage-first heap   total 91136K, used 36252K [0x00000000c0000000, 0x0000000100000000)
  region size 1024K, 0 young (0K), 0 survivors (0K)
 Metaspace       used 59293K, committed 59840K, reserved 1114112K
  class space    used 7381K, committed 7616K, reserved 1048576K
}
Event: 2584.727 GC heap before
{Heap before GC invocations=210 (full 145):
 garbage-first heap   total 91136K, used 36252K [0x00000000c0000000, 0x0000000100000000)
  region size 1024K, 1 young (1024K), 0 survivors (0K)
 Metaspace       used 59293K, committed 59840K, reserved 1114112K
  class space    used 7381K, committed 7616K, reserved 1048576K
}
Event: 2584.810 GC heap after
{Heap after GC invocations=211 (full 146):
 garbage-first heap   total 91136K, used 36252K [0x00000000c0000000, 0x0000000100000000)
  region size 1024K, 0 young (0K), 0 survivors (0K)
 Metaspace       used 59293K, committed 59840K, reserved 1114112K
  class space    used 7381K, committed 7616K, reserved 1048576K
}
Event: 2595.169 GC heap before
{Heap before GC invocations=211 (full 146):
 garbage-first heap   total 91136K, used 36252K [0x00000000c0000000, 0x0000000100000000)
  region size 1024K, 1 young (1024K), 0 survivors (0K)
 Metaspace       used 59293K, committed 59840K, reserved 1114112K
  class space    used 7381K, committed 7616K, reserved 1048576K
}
Event: 2595.260 GC heap after
{Heap after GC invocations=212 (full 147):
 garbage-first heap   total 91136K, used 36252K [0x00000000c0000000, 0x0000000100000000)
  region size 1024K, 0 young (0K), 0 survivors (0K)
 Metaspace       used 59293K, committed 59840K, reserved 1114112K
  class space    used 7381K, committed 7616K, reserved 1048576K
}
Event: 2605.715 GC heap before
{Heap before GC invocations=212 (full 147):
 garbage-first heap   total 91136K, used 36252K [0x00000000c0000000, 0x0000000100000000)
  region size 1024K, 1 young (1024K), 0 survivors (0K)
 Metaspace       used 59293K, committed 59840K, reserved 1114112K
  class space    used 7381K, committed 7616K, reserved 1048576K
}
Event: 2605.781 GC heap after
{Heap after GC invocations=213 (full 148):
 garbage-first heap   total 91136K, used 36252K [0x00000000c0000000, 0x0000000100000000)
  region size 1024K, 0 young (0K), 0 survivors (0K)
 Metaspace       used 59293K, committed 59840K, reserved 1114112K
  class space    used 7381K, committed 7616K, reserved 1048576K
}
Event: 2616.187 GC heap before
{Heap before GC invocations=213 (full 148):
 garbage-first heap   total 91136K, used 36252K [0x00000000c0000000, 0x0000000100000000)
  region size 1024K, 1 young (1024K), 0 survivors (0K)
 Metaspace       used 59293K, committed 59840K, reserved 1114112K
  class space    used 7381K, committed 7616K, reserved 1048576K
}
Event: 2616.317 GC heap after
{Heap after GC invocations=214 (full 149):
 garbage-first heap   total 91136K, used 36252K [0x00000000c0000000, 0x0000000100000000)
  region size 1024K, 0 young (0K), 0 survivors (0K)
 Metaspace       used 59293K, committed 59840K, reserved 1114112K
  class space    used 7381K, committed 7616K, reserved 1048576K
}
Event: 2626.798 GC heap before
{Heap before GC invocations=214 (full 149):
 garbage-first heap   total 91136K, used 36252K [0x00000000c0000000, 0x0000000100000000)
  region size 1024K, 1 young (1024K), 0 survivors (0K)
 Metaspace       used 59293K, committed 59840K, reserved 1114112K
  class space    used 7381K, committed 7616K, reserved 1048576K
}
Event: 2626.882 GC heap after
{Heap after GC invocations=215 (full 150):
 garbage-first heap   total 91136K, used 36252K [0x00000000c0000000, 0x0000000100000000)
  region size 1024K, 0 young (0K), 0 survivors (0K)
 Metaspace       used 59293K, committed 59840K, reserved 1114112K
  class space    used 7381K, committed 7616K, reserved 1048576K
}
Event: 2637.435 GC heap before
{Heap before GC invocations=215 (full 150):
 garbage-first heap   total 91136K, used 36252K [0x00000000c0000000, 0x0000000100000000)
  region size 1024K, 1 young (1024K), 0 survivors (0K)
 Metaspace       used 59293K, committed 59840K, reserved 1114112K
  class space    used 7381K, committed 7616K, reserved 1048576K
}
Event: 2637.555 GC heap after
{Heap after GC invocations=216 (full 151):
 garbage-first heap   total 91136K, used 36252K [0x00000000c0000000, 0x0000000100000000)
  region size 1024K, 0 young (0K), 0 survivors (0K)
 Metaspace       used 59293K, committed 59840K, reserved 1114112K
  class space    used 7381K, committed 7616K, reserved 1048576K
}
Event: 2650.042 GC heap before
{Heap before GC invocations=216 (full 151):
 garbage-first heap   total 91136K, used 36252K [0x00000000c0000000, 0x0000000100000000)
  region size 1024K, 1 young (1024K), 0 survivors (0K)
 Metaspace       used 59293K, committed 59840K, reserved 1114112K
  class space    used 7381K, committed 7616K, reserved 1048576K
}
Event: 2650.157 GC heap after
{Heap after GC invocations=217 (full 152):
 garbage-first heap   total 91136K, used 36252K [0x00000000c0000000, 0x0000000100000000)
  region size 1024K, 0 young (0K), 0 survivors (0K)
 Metaspace       used 59293K, committed 59840K, reserved 1114112K
  class space    used 7381K, committed 7616K, reserved 1048576K
}
Event: 2661.805 GC heap before
{Heap before GC invocations=217 (full 152):
 garbage-first heap   total 91136K, used 36252K [0x00000000c0000000, 0x0000000100000000)
  region size 1024K, 1 young (1024K), 0 survivors (0K)
 Metaspace       used 59293K, committed 59840K, reserved 1114112K
  class space    used 7381K, committed 7616K, reserved 1048576K
}
Event: 2661.899 GC heap after
{Heap after GC invocations=218 (full 153):
 garbage-first heap   total 91136K, used 36252K [0x00000000c0000000, 0x0000000100000000)
  region size 1024K, 0 young (0K), 0 survivors (0K)
 Metaspace       used 59293K, committed 59840K, reserved 1114112K
  class space    used 7381K, committed 7616K, reserved 1048576K
}

